[INFO  - 2016-10-30T19:08:48.184Z] GhostDriver - Main - running on port 9929
[INFO  - 2016-10-30T19:08:48.690Z] Session [49a033f0-9ed4-11e6-a4db-fb59c9723157] - page.settings - {"XSSAuditingEnabled":false,"javascriptCanCloseWindows":true,"javascriptCanOpenWindows":true,"javascriptEnabled":true,"loadImages":true,"localToRemoteUrlAccessEnabled":false,"userAgent":"Mozilla/5.0 (Unknown; Linux x86_64) AppleWebKit/538.1 (KHTML, like Gecko) PhantomJS/2.1.1 Safari/538.1","webSecurityEnabled":true}
[INFO  - 2016-10-30T19:08:48.690Z] Session [49a033f0-9ed4-11e6-a4db-fb59c9723157] - page.customHeaders:  - {}
[INFO  - 2016-10-30T19:08:48.690Z] Session [49a033f0-9ed4-11e6-a4db-fb59c9723157] - Session.negotiatedCapabilities - {"browserName":"phantomjs","version":"2.1.1","driverName":"ghostdriver","driverVersion":"1.2.0","platform":"linux-unknown-64bit","javascriptEnabled":true,"takesScreenshot":true,"handlesAlerts":false,"databaseEnabled":false,"locationContextEnabled":false,"applicationCacheEnabled":false,"browserConnectionEnabled":false,"cssSelectorsEnabled":true,"webStorageEnabled":false,"rotatable":false,"acceptSslCerts":false,"nativeEvents":true,"proxy":{"proxyType":"direct"}}
[INFO  - 2016-10-30T19:08:48.690Z] SessionManagerReqHand - _postNewSessionCommand - New Session Created: 49a033f0-9ed4-11e6-a4db-fb59c9723157
[INFO  - 2016-10-30T19:08:48.749Z] ShutdownReqHand - _handle - About to shutdown
[INFO  - 2016-10-30T19:09:18.016Z] GhostDriver - Main - running on port 12855
[INFO  - 2016-10-30T19:09:18.191Z] Session [5b35d9d0-9ed4-11e6-b1c3-53a0a0b4c481] - page.settings - {"XSSAuditingEnabled":false,"javascriptCanCloseWindows":true,"javascriptCanOpenWindows":true,"javascriptEnabled":true,"loadImages":true,"localToRemoteUrlAccessEnabled":false,"userAgent":"Mozilla/5.0 (Unknown; Linux x86_64) AppleWebKit/538.1 (KHTML, like Gecko) PhantomJS/2.1.1 Safari/538.1","webSecurityEnabled":true}
[INFO  - 2016-10-30T19:09:18.192Z] Session [5b35d9d0-9ed4-11e6-b1c3-53a0a0b4c481] - page.customHeaders:  - {}
[INFO  - 2016-10-30T19:09:18.192Z] Session [5b35d9d0-9ed4-11e6-b1c3-53a0a0b4c481] - Session.negotiatedCapabilities - {"browserName":"phantomjs","version":"2.1.1","driverName":"ghostdriver","driverVersion":"1.2.0","platform":"linux-unknown-64bit","javascriptEnabled":true,"takesScreenshot":true,"handlesAlerts":false,"databaseEnabled":false,"locationContextEnabled":false,"applicationCacheEnabled":false,"browserConnectionEnabled":false,"cssSelectorsEnabled":true,"webStorageEnabled":false,"rotatable":false,"acceptSslCerts":false,"nativeEvents":true,"proxy":{"proxyType":"direct"}}
[INFO  - 2016-10-30T19:09:18.192Z] SessionManagerReqHand - _postNewSessionCommand - New Session Created: 5b35d9d0-9ed4-11e6-b1c3-53a0a0b4c481
[INFO  - 2016-10-30T19:09:18.277Z] ShutdownReqHand - _handle - About to shutdown
[INFO  - 2016-10-30T19:09:26.063Z] GhostDriver - Main - running on port 21448
[INFO  - 2016-10-30T19:09:26.315Z] Session [600d5280-9ed4-11e6-95d0-157ffdf35bb2] - page.settings - {"XSSAuditingEnabled":false,"javascriptCanCloseWindows":true,"javascriptCanOpenWindows":true,"javascriptEnabled":true,"loadImages":true,"localToRemoteUrlAccessEnabled":false,"userAgent":"Mozilla/5.0 (Unknown; Linux x86_64) AppleWebKit/538.1 (KHTML, like Gecko) PhantomJS/2.1.1 Safari/538.1","webSecurityEnabled":true}
[INFO  - 2016-10-30T19:09:26.315Z] Session [600d5280-9ed4-11e6-95d0-157ffdf35bb2] - page.customHeaders:  - {}
[INFO  - 2016-10-30T19:09:26.315Z] Session [600d5280-9ed4-11e6-95d0-157ffdf35bb2] - Session.negotiatedCapabilities - {"browserName":"phantomjs","version":"2.1.1","driverName":"ghostdriver","driverVersion":"1.2.0","platform":"linux-unknown-64bit","javascriptEnabled":true,"takesScreenshot":true,"handlesAlerts":false,"databaseEnabled":false,"locationContextEnabled":false,"applicationCacheEnabled":false,"browserConnectionEnabled":false,"cssSelectorsEnabled":true,"webStorageEnabled":false,"rotatable":false,"acceptSslCerts":false,"nativeEvents":true,"proxy":{"proxyType":"direct"}}
[INFO  - 2016-10-30T19:09:26.315Z] SessionManagerReqHand - _postNewSessionCommand - New Session Created: 600d5280-9ed4-11e6-95d0-157ffdf35bb2
[INFO  - 2016-10-30T19:09:26.400Z] ShutdownReqHand - _handle - About to shutdown
[INFO  - 2016-10-30T19:13:38.884Z] GhostDriver - Main - running on port 27587
[INFO  - 2016-10-30T19:13:39.136Z] Session [f6bee5e0-9ed4-11e6-88af-4bc2f7ea193f] - page.settings - {"XSSAuditingEnabled":false,"javascriptCanCloseWindows":true,"javascriptCanOpenWindows":true,"javascriptEnabled":true,"loadImages":true,"localToRemoteUrlAccessEnabled":false,"userAgent":"Mozilla/5.0 (Unknown; Linux x86_64) AppleWebKit/538.1 (KHTML, like Gecko) PhantomJS/2.1.1 Safari/538.1","webSecurityEnabled":true}
[INFO  - 2016-10-30T19:13:39.136Z] Session [f6bee5e0-9ed4-11e6-88af-4bc2f7ea193f] - page.customHeaders:  - {}
[INFO  - 2016-10-30T19:13:39.136Z] Session [f6bee5e0-9ed4-11e6-88af-4bc2f7ea193f] - Session.negotiatedCapabilities - {"browserName":"phantomjs","version":"2.1.1","driverName":"ghostdriver","driverVersion":"1.2.0","platform":"linux-unknown-64bit","javascriptEnabled":true,"takesScreenshot":true,"handlesAlerts":false,"databaseEnabled":false,"locationContextEnabled":false,"applicationCacheEnabled":false,"browserConnectionEnabled":false,"cssSelectorsEnabled":true,"webStorageEnabled":false,"rotatable":false,"acceptSslCerts":false,"nativeEvents":true,"proxy":{"proxyType":"direct"}}
[INFO  - 2016-10-30T19:13:39.136Z] SessionManagerReqHand - _postNewSessionCommand - New Session Created: f6bee5e0-9ed4-11e6-88af-4bc2f7ea193f
[INFO  - 2016-10-30T19:13:39.220Z] ShutdownReqHand - _handle - About to shutdown
[INFO  - 2016-10-30T19:20:21.546Z] GhostDriver - Main - running on port 11570
[INFO  - 2016-10-30T19:20:21.783Z] Session [e6bdcd40-9ed5-11e6-ac0f-afdd5090e9e3] - page.settings - {"XSSAuditingEnabled":false,"javascriptCanCloseWindows":true,"javascriptCanOpenWindows":true,"javascriptEnabled":true,"loadImages":true,"localToRemoteUrlAccessEnabled":false,"userAgent":"Mozilla/5.0 (Unknown; Linux x86_64) AppleWebKit/538.1 (KHTML, like Gecko) PhantomJS/2.1.1 Safari/538.1","webSecurityEnabled":true}
[INFO  - 2016-10-30T19:20:21.783Z] Session [e6bdcd40-9ed5-11e6-ac0f-afdd5090e9e3] - page.customHeaders:  - {}
[INFO  - 2016-10-30T19:20:21.784Z] Session [e6bdcd40-9ed5-11e6-ac0f-afdd5090e9e3] - Session.negotiatedCapabilities - {"browserName":"phantomjs","version":"2.1.1","driverName":"ghostdriver","driverVersion":"1.2.0","platform":"linux-unknown-64bit","javascriptEnabled":true,"takesScreenshot":true,"handlesAlerts":false,"databaseEnabled":false,"locationContextEnabled":false,"applicationCacheEnabled":false,"browserConnectionEnabled":false,"cssSelectorsEnabled":true,"webStorageEnabled":false,"rotatable":false,"acceptSslCerts":false,"nativeEvents":true,"proxy":{"proxyType":"direct"}}
[INFO  - 2016-10-30T19:20:21.784Z] SessionManagerReqHand - _postNewSessionCommand - New Session Created: e6bdcd40-9ed5-11e6-ac0f-afdd5090e9e3
[INFO  - 2016-10-30T19:20:21.866Z] ShutdownReqHand - _handle - About to shutdown
[INFO  - 2016-10-30T19:35:20.679Z] GhostDriver - Main - running on port 24392
[INFO  - 2016-10-30T19:35:20.837Z] Session [fe9eb530-9ed7-11e6-ad60-a9341c5f1d3d] - page.settings - {"XSSAuditingEnabled":false,"javascriptCanCloseWindows":true,"javascriptCanOpenWindows":true,"javascriptEnabled":true,"loadImages":true,"localToRemoteUrlAccessEnabled":false,"userAgent":"Mozilla/5.0 (Unknown; Linux x86_64) AppleWebKit/538.1 (KHTML, like Gecko) PhantomJS/2.1.1 Safari/538.1","webSecurityEnabled":true}
[INFO  - 2016-10-30T19:35:20.837Z] Session [fe9eb530-9ed7-11e6-ad60-a9341c5f1d3d] - page.customHeaders:  - {}
[INFO  - 2016-10-30T19:35:20.837Z] Session [fe9eb530-9ed7-11e6-ad60-a9341c5f1d3d] - Session.negotiatedCapabilities - {"browserName":"phantomjs","version":"2.1.1","driverName":"ghostdriver","driverVersion":"1.2.0","platform":"linux-unknown-64bit","javascriptEnabled":true,"takesScreenshot":true,"handlesAlerts":false,"databaseEnabled":false,"locationContextEnabled":false,"applicationCacheEnabled":false,"browserConnectionEnabled":false,"cssSelectorsEnabled":true,"webStorageEnabled":false,"rotatable":false,"acceptSslCerts":false,"nativeEvents":true,"proxy":{"proxyType":"direct"}}
[INFO  - 2016-10-30T19:35:20.837Z] SessionManagerReqHand - _postNewSessionCommand - New Session Created: fe9eb530-9ed7-11e6-ad60-a9341c5f1d3d
[INFO  - 2016-10-30T19:35:21.885Z] ShutdownReqHand - _handle - About to shutdown
[INFO  - 2016-10-30T19:35:35.999Z] GhostDriver - Main - running on port 6051
[INFO  - 2016-10-30T19:35:36.235Z] Session [07cc4190-9ed8-11e6-b08f-8dcc50e290c6] - page.settings - {"XSSAuditingEnabled":false,"javascriptCanCloseWindows":true,"javascriptCanOpenWindows":true,"javascriptEnabled":true,"loadImages":true,"localToRemoteUrlAccessEnabled":false,"userAgent":"Mozilla/5.0 (Unknown; Linux x86_64) AppleWebKit/538.1 (KHTML, like Gecko) PhantomJS/2.1.1 Safari/538.1","webSecurityEnabled":true}
[INFO  - 2016-10-30T19:35:36.235Z] Session [07cc4190-9ed8-11e6-b08f-8dcc50e290c6] - page.customHeaders:  - {}
[INFO  - 2016-10-30T19:35:36.235Z] Session [07cc4190-9ed8-11e6-b08f-8dcc50e290c6] - Session.negotiatedCapabilities - {"browserName":"phantomjs","version":"2.1.1","driverName":"ghostdriver","driverVersion":"1.2.0","platform":"linux-unknown-64bit","javascriptEnabled":true,"takesScreenshot":true,"handlesAlerts":false,"databaseEnabled":false,"locationContextEnabled":false,"applicationCacheEnabled":false,"browserConnectionEnabled":false,"cssSelectorsEnabled":true,"webStorageEnabled":false,"rotatable":false,"acceptSslCerts":false,"nativeEvents":true,"proxy":{"proxyType":"direct"}}
[INFO  - 2016-10-30T19:35:36.235Z] SessionManagerReqHand - _postNewSessionCommand - New Session Created: 07cc4190-9ed8-11e6-b08f-8dcc50e290c6
[INFO  - 2016-10-30T19:35:37.003Z] ShutdownReqHand - _handle - About to shutdown
[INFO  - 2016-10-30T19:40:20.683Z] GhostDriver - Main - running on port 5830
[INFO  - 2016-10-30T19:40:20.934Z] Session [b17db930-9ed8-11e6-8f22-a7bb73764a2e] - page.settings - {"XSSAuditingEnabled":false,"javascriptCanCloseWindows":true,"javascriptCanOpenWindows":true,"javascriptEnabled":true,"loadImages":true,"localToRemoteUrlAccessEnabled":false,"userAgent":"Mozilla/5.0 (Unknown; Linux x86_64) AppleWebKit/538.1 (KHTML, like Gecko) PhantomJS/2.1.1 Safari/538.1","webSecurityEnabled":true}
[INFO  - 2016-10-30T19:40:20.934Z] Session [b17db930-9ed8-11e6-8f22-a7bb73764a2e] - page.customHeaders:  - {}
[INFO  - 2016-10-30T19:40:20.934Z] Session [b17db930-9ed8-11e6-8f22-a7bb73764a2e] - Session.negotiatedCapabilities - {"browserName":"phantomjs","version":"2.1.1","driverName":"ghostdriver","driverVersion":"1.2.0","platform":"linux-unknown-64bit","javascriptEnabled":true,"takesScreenshot":true,"handlesAlerts":false,"databaseEnabled":false,"locationContextEnabled":false,"applicationCacheEnabled":false,"browserConnectionEnabled":false,"cssSelectorsEnabled":true,"webStorageEnabled":false,"rotatable":false,"acceptSslCerts":false,"nativeEvents":true,"proxy":{"proxyType":"direct"}}
[INFO  - 2016-10-30T19:40:20.934Z] SessionManagerReqHand - _postNewSessionCommand - New Session Created: b17db930-9ed8-11e6-8f22-a7bb73764a2e
[INFO  - 2016-10-30T19:40:21.032Z] ShutdownReqHand - _handle - About to shutdown
[INFO  - 2016-10-30T19:40:33.334Z] GhostDriver - Main - running on port 27904
[INFO  - 2016-10-30T19:40:33.532Z] Session [b9002da0-9ed8-11e6-9ab5-27c4a7b6a7fc] - page.settings - {"XSSAuditingEnabled":false,"javascriptCanCloseWindows":true,"javascriptCanOpenWindows":true,"javascriptEnabled":true,"loadImages":true,"localToRemoteUrlAccessEnabled":false,"userAgent":"Mozilla/5.0 (Unknown; Linux x86_64) AppleWebKit/538.1 (KHTML, like Gecko) PhantomJS/2.1.1 Safari/538.1","webSecurityEnabled":true}
[INFO  - 2016-10-30T19:40:33.532Z] Session [b9002da0-9ed8-11e6-9ab5-27c4a7b6a7fc] - page.customHeaders:  - {}
[INFO  - 2016-10-30T19:40:33.532Z] Session [b9002da0-9ed8-11e6-9ab5-27c4a7b6a7fc] - Session.negotiatedCapabilities - {"browserName":"phantomjs","version":"2.1.1","driverName":"ghostdriver","driverVersion":"1.2.0","platform":"linux-unknown-64bit","javascriptEnabled":true,"takesScreenshot":true,"handlesAlerts":false,"databaseEnabled":false,"locationContextEnabled":false,"applicationCacheEnabled":false,"browserConnectionEnabled":false,"cssSelectorsEnabled":true,"webStorageEnabled":false,"rotatable":false,"acceptSslCerts":false,"nativeEvents":true,"proxy":{"proxyType":"direct"}}
[INFO  - 2016-10-30T19:40:33.532Z] SessionManagerReqHand - _postNewSessionCommand - New Session Created: b9002da0-9ed8-11e6-9ab5-27c4a7b6a7fc
[INFO  - 2016-10-30T19:40:34.856Z] ShutdownReqHand - _handle - About to shutdown
[INFO  - 2016-10-30T19:48:38.181Z] GhostDriver - Main - running on port 5447
[INFO  - 2016-10-30T19:48:38.442Z] Session [da076b70-9ed9-11e6-bd76-2db8e3b2ddc3] - page.settings - {"XSSAuditingEnabled":false,"javascriptCanCloseWindows":true,"javascriptCanOpenWindows":true,"javascriptEnabled":true,"loadImages":true,"localToRemoteUrlAccessEnabled":false,"userAgent":"Mozilla/5.0 (Unknown; Linux x86_64) AppleWebKit/538.1 (KHTML, like Gecko) PhantomJS/2.1.1 Safari/538.1","webSecurityEnabled":true}
[INFO  - 2016-10-30T19:48:38.442Z] Session [da076b70-9ed9-11e6-bd76-2db8e3b2ddc3] - page.customHeaders:  - {}
[INFO  - 2016-10-30T19:48:38.442Z] Session [da076b70-9ed9-11e6-bd76-2db8e3b2ddc3] - Session.negotiatedCapabilities - {"browserName":"phantomjs","version":"2.1.1","driverName":"ghostdriver","driverVersion":"1.2.0","platform":"linux-unknown-64bit","javascriptEnabled":true,"takesScreenshot":true,"handlesAlerts":false,"databaseEnabled":false,"locationContextEnabled":false,"applicationCacheEnabled":false,"browserConnectionEnabled":false,"cssSelectorsEnabled":true,"webStorageEnabled":false,"rotatable":false,"acceptSslCerts":false,"nativeEvents":true,"proxy":{"proxyType":"direct"}}
[INFO  - 2016-10-30T19:48:38.442Z] SessionManagerReqHand - _postNewSessionCommand - New Session Created: da076b70-9ed9-11e6-bd76-2db8e3b2ddc3
[INFO  - 2016-10-30T19:48:38.549Z] ShutdownReqHand - _handle - About to shutdown
[INFO  - 2016-10-30T19:48:52.076Z] GhostDriver - Main - running on port 15917
[INFO  - 2016-10-30T19:48:52.335Z] Session [e24f2bb0-9ed9-11e6-a0dd-2fd8b8e8547c] - page.settings - {"XSSAuditingEnabled":false,"javascriptCanCloseWindows":true,"javascriptCanOpenWindows":true,"javascriptEnabled":true,"loadImages":true,"localToRemoteUrlAccessEnabled":false,"userAgent":"Mozilla/5.0 (Unknown; Linux x86_64) AppleWebKit/538.1 (KHTML, like Gecko) PhantomJS/2.1.1 Safari/538.1","webSecurityEnabled":true}
[INFO  - 2016-10-30T19:48:52.335Z] Session [e24f2bb0-9ed9-11e6-a0dd-2fd8b8e8547c] - page.customHeaders:  - {}
[INFO  - 2016-10-30T19:48:52.335Z] Session [e24f2bb0-9ed9-11e6-a0dd-2fd8b8e8547c] - Session.negotiatedCapabilities - {"browserName":"phantomjs","version":"2.1.1","driverName":"ghostdriver","driverVersion":"1.2.0","platform":"linux-unknown-64bit","javascriptEnabled":true,"takesScreenshot":true,"handlesAlerts":false,"databaseEnabled":false,"locationContextEnabled":false,"applicationCacheEnabled":false,"browserConnectionEnabled":false,"cssSelectorsEnabled":true,"webStorageEnabled":false,"rotatable":false,"acceptSslCerts":false,"nativeEvents":true,"proxy":{"proxyType":"direct"}}
[INFO  - 2016-10-30T19:48:52.336Z] SessionManagerReqHand - _postNewSessionCommand - New Session Created: e24f2bb0-9ed9-11e6-a0dd-2fd8b8e8547c
[INFO  - 2016-10-30T19:48:57.272Z] ShutdownReqHand - _handle - About to shutdown
